/home/l/dotphiles/dirs/config/zsh/plugins/extract
/home/l/.local
/home/l/.local/share
/home/l/.local/share/lutris
/home/l/.local/share/lutris/runners
/home/l/.local/share/lutris/runners/wine/lutris-GE-Proton7-38-x86_64
/home/l/dotphiles/dirs/termux
/home/l/dotphiles/dirs/themes
/home/l/dotphiles/dirs/config/zsh/plugins/enhancd
/home/l/dotphiles/dirs/config/zsh/plugins/ssh-connect
/home/l/dotphiles/dirs/config/zsh/plugins/systemd
/home/l/dotphiles/dirs/config
/home/l/dotphiles/configs
/home/l/paru/pkg
/home/l/paru/dotphiles
/home/l/paru/src
/
/home
/home/l/Documents
/home/l/Videos
/home/l/Templates
/home/l/Public
/home/l/Desktop
/home/l/Pictures
/home/l/Music
/home/l/paru
/home/l/dotphiles/dirs
/home/l/dotphiles/dirs/config/zsh
/home/l/dotphiles/dirs/config/zsh/plugins
/home/l/.local/share/lutris/runners/wine
/home/l/Downloads/doom1_doom2_doom3_wad_plutonia_wad_tnt_wad
/home/l/Downloads/doom1_doom2_doom3_wad_plutonia_wad_tnt_wad/Wads
/home/l/Downloads
/home/l/dotphiles
/home/l
/home/l/dotphiles
