00:00:00.312180 VirtualBox GUI VM Selector Window 7.0.6 r155176 linux.amd64 (Feb 22 2023 15:36:54) release log
00:00:00.312181 Log opened 2023-03-18T05:03:32.539382000Z
00:00:00.312182 Build Type: release
00:00:00.312184 OS Product: Linux
00:00:00.312185 OS Release: 6.2.6-zen1-1-zen
00:00:00.312185 OS Version: #1 ZEN SMP PREEMPT_DYNAMIC Mon, 13 Mar 2023 17:02:40 +0000
00:00:00.312201 DMI Product Name: NH5x_7xRCx,RDx              
00:00:00.312207 DMI Product Version: Not Applicable                  
00:00:00.312210 Firmware type: UEFI
00:00:00.312946 Secure Boot: Disabled
00:00:00.312990 Host RAM: 15702MB (15.3GB) total, 14262MB (13.9GB) available
00:00:00.312992 Executable: /usr/lib/virtualbox/VirtualBox
00:00:00.312993 Process ID: 4127
00:00:00.312993 Package type: LINUX_64BITS_GENERIC (OSE)
00:00:00.313027 Qt version: 5.15.8
00:00:00.314209 GUI: UIMediumEnumerator: Initial medium-enumeration finished!
00:00:00.317667 GUI: UIMediumEnumerator: Medium-enumeration started...
00:00:00.317676 GUI: UIMediumEnumerator: Medium-enumeration finished!
00:00:00.707169 GUI: UIDesktopWidgetWatchdog::sltHandleHostScreenAvailableGeometryCalculated: Screen 0 work area is actually resized to: 0x32 x 1920x1048
00:35:19.167897 GUI: UIMediumEnumerator: Medium with key={{50c29e8b-2661-4e7d-8c0e-be52414c77a8}} created
00:35:19.467132 GUI: UIMediumEnumerator: Medium-enumeration finished!
